<?xml version="1.0" encoding="UTF-8"?>
<!-- Generated by org.testng.reporters.JUnitReportReporter -->
<testsuite hostname="salimsouidi" failures="0" tests="1" name="tests.CheckoutPageTest" time="1.025" errors="0" timestamp="2024-08-14T00:07:08 GMT+01:00" skipped="0">
  <testcase classname="tests.CheckoutPageTest" name="checkoutTest" time="1.025"/>
</testsuite> <!-- tests.CheckoutPageTest -->
