<?xml version="1.0" encoding="UTF-8"?>
<!-- Generated by org.testng.reporters.JUnitReportReporter -->
<testsuite hostname="salimsouidi" failures="0" tests="1" name="tests.LoginPageTest" time="0.947" errors="0" timestamp="2024-08-14T00:07:08 GMT+01:00" skipped="0">
  <testcase classname="tests.LoginPageTest" name="loginTest" time="0.947"/>
</testsuite> <!-- tests.LoginPageTest -->
